\BOOKMARK [0][-]{chapter*.2}{Remerciements}{}% 1
\BOOKMARK [0][-]{chapter*.3}{Introduction}{}% 2
\BOOKMARK [0][-]{chapter.1}{Contexte et pr\351sentation du projet}{}% 3
\BOOKMARK [1][-]{section.1.1}{Contexte et analyse de l'existant}{chapter.1}% 4
\BOOKMARK [2][-]{subsection.1.1.1}{Contexte}{section.1.1}% 5
\BOOKMARK [2][-]{subsection.1.1.2}{Analyse de l'existant}{section.1.1}% 6
\BOOKMARK [1][-]{section.1.2}{Analyse des besoins de l'application}{chapter.1}% 7
\BOOKMARK [2][-]{subsection.1.2.1}{Besoins fonctionnels}{section.1.2}% 8
\BOOKMARK [2][-]{subsection.1.2.2}{Besoins non-fonctionnels}{section.1.2}% 9
\BOOKMARK [1][-]{section.1.3}{Sc\351narios et diagrammes}{chapter.1}% 10
\BOOKMARK [2][-]{subsection.1.3.1}{Sc\351narios possibles}{section.1.3}% 11
\BOOKMARK [0][-]{chapter.2}{Architecture et description de l'application}{}% 12
\BOOKMARK [1][-]{section.2.1}{Architecture des modules}{chapter.2}% 13
\BOOKMARK [2][-]{subsection.2.1.1}{Module de saisie d'adresse}{section.2.1}% 14
\BOOKMARK [2][-]{subsection.2.1.2}{Module de gestion de cartes et de navigation}{section.2.1}% 15
\BOOKMARK [2][-]{subsection.2.1.3}{Module de synchronisation Bluetooth}{section.2.1}% 16
\BOOKMARK [0][-]{chapter.3}{Tests}{}% 17
\BOOKMARK [1][-]{section.3.1}{Tests unitaires}{chapter.3}% 18
\BOOKMARK [2][-]{subsection.3.1.1}{Utilisation de JUnit}{section.3.1}% 19
\BOOKMARK [2][-]{subsection.3.1.2}{Utilisation de Mockito}{section.3.1}% 20
\BOOKMARK [2][-]{subsection.3.1.3}{La classe TestLog}{section.3.1}% 21
\BOOKMARK [2][-]{subsection.3.1.4}{Test du module de navigation}{section.3.1}% 22
\BOOKMARK [2][-]{subsection.3.1.5}{Test du module de synchronisation Bluetooth}{section.3.1}% 23
\BOOKMARK [0][-]{chapter.4}{Avancement du projet et am\351liorations possibles}{}% 24
\BOOKMARK [1][-]{section.4.1}{Module de saisie d'adresse}{chapter.4}% 25
\BOOKMARK [2][-]{subsection.4.1.1}{Avancement et probl\350mes rencontr\351s}{section.4.1}% 26
\BOOKMARK [2][-]{subsection.4.1.2}{Am\351liorations envisag\351s}{section.4.1}% 27
\BOOKMARK [1][-]{section.4.2}{Module de navigation}{chapter.4}% 28
\BOOKMARK [2][-]{subsection.4.2.1}{Avancement et probl\350mes rencontr\351s}{section.4.2}% 29
\BOOKMARK [2][-]{subsection.4.2.2}{Am\351liorations envisag\351s}{section.4.2}% 30
\BOOKMARK [1][-]{section.4.3}{Module de synchronisation Bluetooth}{chapter.4}% 31
\BOOKMARK [2][-]{subsection.4.3.1}{Avancement et probl\350mes rencontr\351s}{section.4.3}% 32
\BOOKMARK [2][-]{subsection.4.3.2}{Am\351liorations envisag\351s}{section.4.3}% 33
\BOOKMARK [1][-]{section.4.4}{Tests}{chapter.4}% 34
\BOOKMARK [2][-]{subsection.4.4.1}{Avancement et probl\350mes rencontr\351s}{section.4.4}% 35
\BOOKMARK [2][-]{subsection.4.4.2}{Am\351liorations envisag\351s}{section.4.4}% 36
\BOOKMARK [0][-]{chapter*.6}{Bilan}{}% 37
\BOOKMARK [0][-]{chapter*.7}{Bibliographie}{}% 38
