\BOOKMARK [0][-]{chapter*.2}{Introduction}{}% 1
\BOOKMARK [0][-]{chapter*.3}{Besoins non-fonctionnels}{}% 2
\BOOKMARK [1][-]{section.1.1}{Interface}{chapter*.3}% 3
\BOOKMARK [2][-]{subsection.1.1.1}{Description}{section.1.1}% 4
\BOOKMARK [2][-]{subsection.1.1.2}{Contraintes}{section.1.1}% 5
\BOOKMARK [1][-]{section.1.2}{Synchronisation}{chapter*.3}% 6
\BOOKMARK [2][-]{subsection.1.2.1}{Description}{section.1.2}% 7
\BOOKMARK [2][-]{subsection.1.2.2}{Contraintes}{section.1.2}% 8
\BOOKMARK [1][-]{section.1.3}{Guidage}{chapter*.3}% 9
\BOOKMARK [2][-]{subsection.1.3.1}{Description}{section.1.3}% 10
\BOOKMARK [2][-]{subsection.1.3.2}{Contraintes}{section.1.3}% 11
\BOOKMARK [1][-]{section.1.4}{Documentation}{chapter*.3}% 12
\BOOKMARK [0][-]{chapter*.6}{Besoins fonctionnels}{}% 13
\BOOKMARK [1][-]{section.2.1}{Environnement de programmation}{chapter*.6}% 14
\BOOKMARK [2][-]{subsection.2.1.1}{Choix de l'IDE}{section.2.1}% 15
\BOOKMARK [2][-]{subsection.2.1.2}{Android SDK 4.4 Kit-Kat }{section.2.1}% 16
\BOOKMARK [2][-]{subsection.2.1.3}{Gestionnaire de versions }{section.2.1}% 17
\BOOKMARK [2][-]{subsection.2.1.4}{Google Maps API }{section.2.1}% 18
\BOOKMARK [2][-]{subsection.2.1.5}{Mat\351riels }{section.2.1}% 19
\BOOKMARK [2][-]{subsection.2.1.6}{Tests avec JUnit4 }{section.2.1}% 20
\BOOKMARK [1][-]{section.2.2}{Gestion de la m\351moire, SQLite}{chapter*.6}% 21
\BOOKMARK [1][-]{section.2.3}{Synchronisation}{chapter*.6}% 22
\BOOKMARK [1][-]{section.2.4}{Documentation}{chapter*.6}% 23
\BOOKMARK [0][-]{chapter*.7}{Besoins organisationnels}{}% 24
\BOOKMARK [1][-]{section.3.1}{Diagramme de Gantt}{chapter*.7}% 25
\BOOKMARK [1][-]{section.3.2}{Diagramme de flux de donn\351es}{chapter*.7}% 26
\BOOKMARK [1][-]{section.3.3}{Sc\351narios envisag\351s}{chapter*.7}% 27
